[0m16:42:35.375001 [debug] [MainThread]: Sending event: {'category': 'dbt', 'action': 'invocation', 'label': 'start', 'context': [<snowplow_tracker.self_describing_json.SelfDescribingJson object at 0x00000176D43BD010>, <snowplow_tracker.self_describing_json.SelfDescribingJson object at 0x00000176D5503ED0>, <snowplow_tracker.self_describing_json.SelfDescribingJson object at 0x00000176D5503B10>]}


============================== 16:42:35.385483 | 4de2e578-aaf0-41d6-b1a9-fd30a443a4eb ==============================
[0m16:42:35.385483 [info ] [MainThread]: Running with dbt=1.11.2
[0m16:42:35.386261 [debug] [MainThread]: running dbt with arguments {'static_parser': 'True', 'no_print': 'None', 'version_check': 'True', 'target_path': 'None', 'warn_error_options': 'WarnErrorOptionsV2(error=[], warn=[], silence=[])', 'printer_width': '80', 'write_json': 'True', 'introspect': 'True', 'log_cache_events': 'False', 'empty': 'None', 'cache_selected_only': 'False', 'log_format': 'default', 'debug': 'False', 'fail_fast': 'False', 'partial_parse': 'True', 'send_anonymous_usage_stats': 'True', 'quiet': 'False', 'warn_error': 'None', 'profiles_dir': 'C:\\Users\\Leapfrog\\.dbt', 'use_colors': 'True', 'invocation_command': 'dbt init', 'indirect_selection': 'eager', 'use_experimental_parser': 'False', 'log_path': 'logs'}
[0m16:42:50.524233 [debug] [MainThread]: Starter project path: C:\Leapfrog\dbt_ecom1\env\Lib\site-packages\dbt\include\starter_project
[0m16:42:50.573409 [info ] [MainThread]: 
Your new dbt project "ecom_transformation" was created!

For more information on how to configure the profiles.yml file,
please consult the dbt documentation here:

  https://docs.getdbt.com/docs/configure-your-profile

One more thing:

Need help? Don't hesitate to reach out to us via GitHub issues or on Slack:

  https://community.getdbt.com/

Happy modeling!

[0m16:42:50.574109 [info ] [MainThread]: Setting up your profile.
[0m16:42:58.615706 [debug] [MainThread]: Command `dbt init` succeeded at 16:42:58.615482 after 23.39 seconds
[0m16:42:58.616222 [debug] [MainThread]: Sending event: {'category': 'dbt', 'action': 'invocation', 'label': 'end', 'context': [<snowplow_tracker.self_describing_json.SelfDescribingJson object at 0x00000176D5513490>, <snowplow_tracker.self_describing_json.SelfDescribingJson object at 0x00000176D658DA30>, <snowplow_tracker.self_describing_json.SelfDescribingJson object at 0x00000176D536F130>]}
[0m16:42:58.616669 [debug] [MainThread]: Flushing usage events
[0m16:43:00.652349 [debug] [MainThread]: An error was encountered while trying to flush usage events
[0m13:55:55.763014 [debug] [MainThread]: Sending event: {'category': 'dbt', 'action': 'invocation', 'label': 'start', 'context': [<snowplow_tracker.self_describing_json.SelfDescribingJson object at 0x0000016DDAB1D010>, <snowplow_tracker.self_describing_json.SelfDescribingJson object at 0x0000016DDBC6BED0>, <snowplow_tracker.self_describing_json.SelfDescribingJson object at 0x0000016DDBC6BB10>]}


============================== 13:55:55.773878 | 2afb4574-a33f-4550-8855-4f7d896b20bb ==============================
[0m13:55:55.773878 [info ] [MainThread]: Running with dbt=1.11.2
[0m13:55:55.774803 [debug] [MainThread]: running dbt with arguments {'static_parser': 'True', 'no_print': 'None', 'version_check': 'True', 'target_path': 'None', 'warn_error_options': 'WarnErrorOptionsV2(error=[], warn=[], silence=[])', 'printer_width': '80', 'write_json': 'True', 'empty': 'None', 'log_cache_events': 'False', 'introspect': 'True', 'cache_selected_only': 'False', 'fail_fast': 'False', 'debug': 'False', 'log_format': 'default', 'partial_parse': 'True', 'send_anonymous_usage_stats': 'True', 'quiet': 'False', 'warn_error': 'None', 'profiles_dir': 'C:\\Users\\Leapfrog\\.dbt', 'use_colors': 'True', 'invocation_command': 'dbt debug', 'indirect_selection': 'eager', 'use_experimental_parser': 'False', 'log_path': 'logs'}
[0m13:55:55.938679 [info ] [MainThread]: dbt version: 1.11.2
[0m13:55:55.939313 [info ] [MainThread]: python version: 3.13.7
[0m13:55:55.939790 [info ] [MainThread]: python path: C:\Leapfrog\dbt_ecom1\.venv\Scripts\python.exe
[0m13:55:55.940213 [info ] [MainThread]: os info: Windows-11-10.0.26100-SP0
[0m13:55:56.077015 [info ] [MainThread]: Using profiles dir at C:\Users\Leapfrog\.dbt
[0m13:55:56.077664 [info ] [MainThread]: Using profiles.yml file at C:\Users\Leapfrog\.dbt\profiles.yml
[0m13:55:56.078131 [info ] [MainThread]: Using dbt_project.yml file at C:\Leapfrog\dbt_ecom1\dbt_project.yml
[0m13:55:56.081128 [info ] [MainThread]: adapter type: postgres
[0m13:55:56.082258 [info ] [MainThread]: adapter version: 1.10.0
[0m13:55:56.083228 [info ] [MainThread]: Configuration:
[0m13:55:56.083909 [info ] [MainThread]:   profiles.yml file [[32mOK found and valid[0m]
[0m13:55:56.084750 [info ] [MainThread]:   dbt_project.yml file [[31mERROR not found[0m]
[0m13:55:56.085549 [info ] [MainThread]: Required dependencies:
[0m13:55:56.086424 [debug] [MainThread]: Executing "git --help"
[0m13:55:56.180301 [debug] [MainThread]: STDOUT: "b"usage: git [-v | --version] [-h | --help] [-C <path>] [-c <name>=<value>]\n           [--exec-path[=<path>]] [--html-path] [--man-path] [--info-path]\n           [-p | --paginate | -P | --no-pager] [--no-replace-objects] [--no-lazy-fetch]\n           [--no-optional-locks] [--no-advice] [--bare] [--git-dir=<path>]\n           [--work-tree=<path>] [--namespace=<name>] [--config-env=<name>=<envvar>]\n           <command> [<args>]\n\nThese are common Git commands used in various situations:\n\nstart a working area (see also: git help tutorial)\n   clone      Clone a repository into a new directory\n   init       Create an empty Git repository or reinitialize an existing one\n\nwork on the current change (see also: git help everyday)\n   add        Add file contents to the index\n   mv         Move or rename a file, a directory, or a symlink\n   restore    Restore working tree files\n   rm         Remove files from the working tree and from the index\n\nexamine the history and state (see also: git help revisions)\n   bisect     Use binary search to find the commit that introduced a bug\n   diff       Show changes between commits, commit and working tree, etc\n   grep       Print lines matching a pattern\n   log        Show commit logs\n   show       Show various types of objects\n   status     Show the working tree status\n\ngrow, mark and tweak your common history\n   backfill   Download missing objects in a partial clone\n   branch     List, create, or delete branches\n   commit     Record changes to the repository\n   merge      Join two or more development histories together\n   rebase     Reapply commits on top of another base tip\n   reset      Reset current HEAD to the specified state\n   switch     Switch branches\n   tag        Create, list, delete or verify a tag object signed with GPG\n\ncollaborate (see also: git help workflows)\n   fetch      Download objects and refs from another repository\n   pull       Fetch from and integrate with another repository or a local branch\n   push       Update remote refs along with associated objects\n\n'git help -a' and 'git help -g' list available subcommands and some\nconcept guides. See 'git help <command>' or 'git help <concept>'\nto read about a specific subcommand or concept.\nSee 'git help git' for an overview of the system.\n""
[0m13:55:56.180767 [debug] [MainThread]: STDERR: "b''"
[0m13:55:56.181173 [info ] [MainThread]:  - git [[32mOK found[0m]

[0m13:55:56.181635 [info ] [MainThread]: Connection:
[0m13:55:56.182160 [info ] [MainThread]:   host: localhost
[0m13:55:56.182624 [info ] [MainThread]:   port: 8432
[0m13:55:56.183026 [info ] [MainThread]:   user: postgres
[0m13:55:56.183430 [info ] [MainThread]:   database: ecom_db
[0m13:55:56.183789 [info ] [MainThread]:   schema: raw
[0m13:55:56.184146 [info ] [MainThread]:   connect_timeout: 10
[0m13:55:56.184500 [info ] [MainThread]:   role: None
[0m13:55:56.184867 [info ] [MainThread]:   search_path: None
[0m13:55:56.185306 [info ] [MainThread]:   keepalives_idle: 0
[0m13:55:56.185750 [info ] [MainThread]:   sslmode: None
[0m13:55:56.186255 [info ] [MainThread]:   sslcert: None
[0m13:55:56.186808 [info ] [MainThread]:   sslkey: None
[0m13:55:56.187394 [info ] [MainThread]:   sslrootcert: None
[0m13:55:56.187970 [info ] [MainThread]:   application_name: dbt
[0m13:55:56.188459 [info ] [MainThread]:   retries: 1
[0m13:55:56.189278 [info ] [MainThread]: Registered adapter: postgres=1.10.0
[0m13:55:56.877148 [debug] [MainThread]: Acquiring new postgres connection 'debug'
[0m13:55:58.805904 [debug] [MainThread]: Using postgres connection "debug"
[0m13:55:58.806703 [debug] [MainThread]: On debug: select 1 as id
[0m13:55:58.807374 [debug] [MainThread]: Opening a new connection, currently in state init
[0m13:55:58.846179 [debug] [MainThread]: Postgres adapter: Got a retryable error when attempting to open a postgres connection.
1 attempts remaining. Retrying in 0 seconds.
Error:
connection to server at "localhost" (::1), port 8432 failed: FATAL:  password authentication failed for user "postgres"

[0m13:55:58.864488 [debug] [MainThread]: Postgres adapter: Error running SQL: select 1 as id
[0m13:55:58.865340 [debug] [MainThread]: Postgres adapter: Rolling back transaction.
[0m13:55:58.866208 [debug] [MainThread]: On debug: No close available on handle
[0m13:55:58.866769 [info ] [MainThread]:   Connection test: [[31mERROR[0m]

[0m13:55:58.867879 [info ] [MainThread]: [31m2 checks failed:[0m
[0m13:55:58.868649 [info ] [MainThread]: Project loading failed for the following reason:
 project path <C:\Leapfrog\dbt_ecom1\dbt_project.yml> not found

[0m13:55:58.869171 [info ] [MainThread]: dbt was unable to connect to the specified database.
The database returned the following error:

  >Database Error
  connection to server at "localhost" (::1), port 8432 failed: FATAL:  password authentication failed for user "postgres"
  

Check your database credentials and try again. For more information, visit:
https://docs.getdbt.com/docs/configure-your-profile


[0m13:55:58.870521 [debug] [MainThread]: Command `dbt debug` failed at 13:55:58.870382 after 3.27 seconds
[0m13:55:58.870973 [debug] [MainThread]: Connection 'debug' was properly closed.
[0m13:55:58.871483 [debug] [MainThread]: Sending event: {'category': 'dbt', 'action': 'invocation', 'label': 'end', 'context': [<snowplow_tracker.self_describing_json.SelfDescribingJson object at 0x0000016DDCD3B950>, <snowplow_tracker.self_describing_json.SelfDescribingJson object at 0x0000016DDD2C4170>, <snowplow_tracker.self_describing_json.SelfDescribingJson object at 0x0000016DDCCCF020>]}
[0m13:55:58.872061 [debug] [MainThread]: Flushing usage events
[0m13:56:00.926592 [debug] [MainThread]: An error was encountered while trying to flush usage events
[0m16:38:34.388226 [debug] [MainThread]: Sending event: {'category': 'dbt', 'action': 'invocation', 'label': 'start', 'context': [<snowplow_tracker.self_describing_json.SelfDescribingJson object at 0x000002531041D010>, <snowplow_tracker.self_describing_json.SelfDescribingJson object at 0x000002531156FED0>, <snowplow_tracker.self_describing_json.SelfDescribingJson object at 0x000002531156FB10>]}


============================== 16:38:34.392775 | 6907662f-ba44-4cfb-92ee-00bc4f34c5cf ==============================
[0m16:38:34.392775 [info ] [MainThread]: Running with dbt=1.11.2
[0m16:38:34.393443 [debug] [MainThread]: running dbt with arguments {'version_check': 'True', 'no_print': 'None', 'static_parser': 'True', 'target_path': 'None', 'warn_error_options': 'WarnErrorOptionsV2(error=[], warn=[], silence=[])', 'printer_width': '80', 'write_json': 'True', 'empty': 'None', 'log_cache_events': 'False', 'introspect': 'True', 'cache_selected_only': 'False', 'fail_fast': 'False', 'debug': 'False', 'log_format': 'default', 'profiles_dir': 'C:\\Users\\Leapfrog\\.dbt', 'send_anonymous_usage_stats': 'True', 'quiet': 'False', 'warn_error': 'None', 'partial_parse': 'True', 'use_colors': 'True', 'invocation_command': 'dbt clean', 'indirect_selection': 'eager', 'use_experimental_parser': 'False', 'log_path': 'logs'}
[0m16:38:34.394125 [error] [MainThread]: Encountered an error:
Runtime Error
  No dbt_project.yml found at expected path C:\Leapfrog\dbt_ecom1\dbt_project.yml
  Verify that each entry within packages.yml (and their transitive dependencies) contains a file named dbt_project.yml
  
[0m16:38:34.395081 [debug] [MainThread]: Command `dbt clean` failed at 16:38:34.394970 after 0.16 seconds
[0m16:38:34.395425 [debug] [MainThread]: Sending event: {'category': 'dbt', 'action': 'invocation', 'label': 'end', 'context': [<snowplow_tracker.self_describing_json.SelfDescribingJson object at 0x00000253115763F0>, <snowplow_tracker.self_describing_json.SelfDescribingJson object at 0x00000253115AD6D0>, <snowplow_tracker.self_describing_json.SelfDescribingJson object at 0x00000253113E3460>]}
[0m16:38:34.395782 [debug] [MainThread]: Flushing usage events
[0m16:38:36.400566 [debug] [MainThread]: An error was encountered while trying to flush usage events
